2025-07-03T11:35:46: Starting OWOWLOVE production server...
2025-07-03T11:35:46: Environment: production
2025-07-03T11:35:46: Port: 3000
2025-07-03T11:35:46: Starting OWOWLOVE production server...
2025-07-03T11:35:46: Environment: production
2025-07-03T11:35:46: Port: 3000
2025-07-03T11:35:47: Starting OWOWLOVE production server...
2025-07-03T11:35:47: Environment: production
2025-07-03T11:35:47: Port: 3000
2025-07-03T11:35:47: Starting OWOWLOVE production server...
2025-07-03T11:35:47: Environment: production
2025-07-03T11:35:47: Port: 3000
2025-07-03T11:35:47: Starting OWOWLOVE production server...
2025-07-03T11:35:47: Environment: production
2025-07-03T11:35:47: Port: 3000
2025-07-03T11:35:47: Starting OWOWLOVE production server...
2025-07-03T11:35:47: Environment: production
2025-07-03T11:35:47: Port: 3000
2025-07-03T11:35:48: Starting OWOWLOVE production server...
2025-07-03T11:35:48: Environment: production
2025-07-03T11:35:48: Port: 3000
2025-07-03T11:35:48: Starting OWOWLOVE production server...
2025-07-03T11:35:48: Environment: production
2025-07-03T11:35:48: Port: 3000
2025-07-03T11:35:48: Starting OWOWLOVE production server...
2025-07-03T11:35:48: Environment: production
2025-07-03T11:35:48: Port: 3000
2025-07-03T11:35:48: Starting OWOWLOVE production server...
2025-07-03T11:35:48: Environment: production
2025-07-03T11:35:48: Port: 3000
2025-07-03T11:43:47: Starting OWOWLOVE production server...
2025-07-03T11:43:47: Environment: production
2025-07-03T11:43:47: Port: 3000
2025-07-03T11:43:48: 
2025-07-03T11:43:48: > my-v0-project@0.1.0 start
2025-07-03T11:43:48: > next start
2025-07-03T11:43:48: 
2025-07-03T11:43:49:    ▲ Next.js 15.2.4
2025-07-03T11:43:49:    - Local:        http://localhost:3000
2025-07-03T11:43:49:    - Network:      http://198.18.0.1:3000
2025-07-03T11:43:49: 
2025-07-03T11:43:49:  ✓ Starting...
2025-07-03T11:43:49:  ✓ Ready in 742ms
2025-07-03T12:01:32: Starting OWOWLOVE production server...
2025-07-03T12:01:32: Environment: production
2025-07-03T12:01:32: Port: 3000
2025-07-03T12:01:33: 
2025-07-03T12:01:33: > my-v0-project@0.1.0 start
2025-07-03T12:01:33: > next start
2025-07-03T12:01:33: 
2025-07-03T12:01:33:    ▲ Next.js 15.2.4
2025-07-03T12:01:33:    - Local:        http://localhost:3000
2025-07-03T12:01:33:    - Network:      http://198.18.0.1:3000
2025-07-03T12:01:33: 
2025-07-03T12:01:33:  ✓ Starting...
2025-07-03T12:01:34:  ✓ Ready in 714ms
2025-07-03T12:14:17: Starting OWOWLOVE production server...
2025-07-03T12:14:17: Environment: production
2025-07-03T12:14:17: Port: 3000
2025-07-03T12:14:18: 
2025-07-03T12:14:18: > my-v0-project@0.1.0 start
2025-07-03T12:14:18: > next start
2025-07-03T12:14:18: 
2025-07-03T12:14:19:    ▲ Next.js 15.2.4
2025-07-03T12:14:19:    - Local:        http://localhost:3000
2025-07-03T12:14:19:    - Network:      http://198.18.0.1:3000
2025-07-03T12:14:19: 
2025-07-03T12:14:19:  ✓ Starting...
2025-07-03T12:14:19:  ✓ Ready in 705ms
2025-07-03T12:32:02: Starting OWOWLOVE production server...
2025-07-03T12:32:02: Environment: production
2025-07-03T12:32:02: Port: 3000
2025-07-03T12:32:02: 
2025-07-03T12:32:02: > my-v0-project@0.1.0 start
2025-07-03T12:32:02: > next start
2025-07-03T12:32:02: 
2025-07-03T12:32:03:    ▲ Next.js 15.2.4
2025-07-03T12:32:03:    - Local:        http://localhost:3000
2025-07-03T12:32:03:    - Network:      http://198.18.0.1:3000
2025-07-03T12:32:03: 
2025-07-03T12:32:03:  ✓ Starting...
2025-07-03T12:32:03:  ✓ Ready in 734ms
2025-07-03T12:38:01: Successful admin login at 2025-07-03T04:38:01.397Z
2025-07-03T12:38:35: Server process exited with code 3221225786
2025-07-03T12:38:35: Starting OWOWLOVE production server...
2025-07-03T12:38:35: Environment: production
2025-07-03T12:38:35: Port: 3000
2025-07-03T12:38:35: 
2025-07-03T12:38:35: > my-v0-project@0.1.0 start
2025-07-03T12:38:35: > next start
2025-07-03T12:38:35: 
2025-07-03T12:38:36:    ▲ Next.js 15.2.4
2025-07-03T12:38:36:    - Local:        http://localhost:3000
2025-07-03T12:38:36:    - Network:      http://198.18.0.1:3000
2025-07-03T12:38:36: 
2025-07-03T12:38:36:  ✓ Starting...
2025-07-03T12:38:36:  ✓ Ready in 697ms
2025-07-03T12:38:40: Server process exited with code 3221225786
2025-07-03T12:38:40: Starting OWOWLOVE production server...
2025-07-03T12:38:40: Environment: production
2025-07-03T12:38:40: Port: 3000
2025-07-03T12:38:40: 
2025-07-03T12:38:40: > my-v0-project@0.1.0 start
2025-07-03T12:38:40: > next start
2025-07-03T12:38:40: 
2025-07-03T12:38:41:    ▲ Next.js 15.2.4
2025-07-03T12:38:41:    - Local:        http://localhost:3000
2025-07-03T12:38:41:    - Network:      http://198.18.0.1:3000
2025-07-03T12:38:41: 
2025-07-03T12:38:41:  ✓ Starting...
2025-07-03T12:38:41:  ✓ Ready in 690ms
2025-07-03T12:50:43: Starting OWOWLOVE production server...
2025-07-03T12:50:43: Environment: production
2025-07-03T12:50:43: Port: 3000
2025-07-03T12:50:43: 
2025-07-03T12:50:43: > my-v0-project@0.1.0 start
2025-07-03T12:50:43: > next start
2025-07-03T12:50:43: 
2025-07-03T12:50:44:    ▲ Next.js 15.2.4
2025-07-03T12:50:44:    - Local:        http://localhost:3000
2025-07-03T12:50:44:    - Network:      http://198.18.0.1:3000
2025-07-03T12:50:44: 
2025-07-03T12:50:44:  ✓ Starting...
2025-07-03T12:50:44:  ✓ Ready in 784ms
2025-07-03T12:53:26: Starting OWOWLOVE production server...
2025-07-03T12:53:26: Environment: production
2025-07-03T12:53:26: Port: 3000
2025-07-03T12:53:26: 
2025-07-03T12:53:26: > my-v0-project@0.1.0 start
2025-07-03T12:53:26: > next start
2025-07-03T12:53:26: 
2025-07-03T12:53:27:    ▲ Next.js 15.2.4
2025-07-03T12:53:27:    - Local:        http://localhost:3000
2025-07-03T12:53:27:    - Network:      http://198.18.0.1:3000
2025-07-03T12:53:27: 
2025-07-03T12:53:27:  ✓ Starting...
2025-07-03T12:53:27:  ✓ Ready in 717ms
2025-07-03T12:57:38: Starting OWOWLOVE production server...
2025-07-03T12:57:38: Environment: production
2025-07-03T12:57:38: Port: 3000
2025-07-03T12:57:38: 
2025-07-03T12:57:38: > my-v0-project@0.1.0 start
2025-07-03T12:57:38: > next start
2025-07-03T12:57:38: 
2025-07-03T12:57:39:    ▲ Next.js 15.2.4
2025-07-03T12:57:39:    - Local:        http://localhost:3000
2025-07-03T12:57:39:    - Network:      http://198.18.0.1:3000
2025-07-03T12:57:39: 
2025-07-03T12:57:39:  ✓ Starting...
2025-07-03T12:57:39:  ✓ Ready in 736ms
2025-07-04T10:00:45: Starting OWOWLOVE production server...
2025-07-04T10:00:45: Environment: production
2025-07-04T10:00:45: Port: 3000
2025-07-04T10:00:46: 
2025-07-04T10:00:46: > my-v0-project@0.1.0 start
2025-07-04T10:00:46: > next start
2025-07-04T10:00:46: 
2025-07-04T10:00:46:    ▲ Next.js 15.2.4
2025-07-04T10:00:46:    - Local:        http://localhost:3000
2025-07-04T10:00:46:    - Network:      http://198.18.0.1:3000
2025-07-04T10:00:46: 
2025-07-04T10:00:46:  ✓ Starting...
2025-07-04T10:00:47:  ✓ Ready in 819ms
2025-07-04T10:01:14: Successful admin login at 2025-07-04T02:01:14.102Z
2025-07-04T11:25:46: Starting OWOWLOVE production server...
2025-07-04T11:25:46: Environment: production
2025-07-04T11:25:46: Port: 3000
2025-07-04T11:25:47: 
2025-07-04T11:25:47: > my-v0-project@0.1.0 start
2025-07-04T11:25:47: > next start
2025-07-04T11:25:47: 
2025-07-04T11:25:47:    ▲ Next.js 15.2.4
2025-07-04T11:25:47:    - Local:        http://localhost:3000
2025-07-04T11:25:47:    - Network:      http://198.18.0.1:3000
2025-07-04T11:25:47: 
2025-07-04T11:25:47:  ✓ Starting...
2025-07-04T11:25:48:  ✓ Ready in 727ms
2025-07-04T11:45:37: Starting OWOWLOVE production server...
2025-07-04T11:45:37: Environment: production
2025-07-04T11:45:37: Port: 3000
2025-07-04T11:45:37: 
2025-07-04T11:45:37: > my-v0-project@0.1.0 start
2025-07-04T11:45:37: > next start
2025-07-04T11:45:37: 
2025-07-04T11:45:38:    ▲ Next.js 15.2.4
2025-07-04T11:45:38:    - Local:        http://localhost:3000
2025-07-04T11:45:38:    - Network:      http://198.18.0.1:3000
2025-07-04T11:45:38: 
2025-07-04T11:45:38:  ✓ Starting...
2025-07-04T11:45:38:  ✓ Ready in 718ms
2025-07-04T11:57:28: Starting OWOWLOVE production server...
2025-07-04T11:57:28: Environment: production
2025-07-04T11:57:28: Port: 3000
2025-07-04T11:57:29: 
2025-07-04T11:57:29: > my-v0-project@0.1.0 start
2025-07-04T11:57:29: > next start
2025-07-04T11:57:29: 
2025-07-04T11:57:29:    ▲ Next.js 15.2.4
2025-07-04T11:57:29:    - Local:        http://localhost:3000
2025-07-04T11:57:29:    - Network:      http://198.18.0.1:3000
2025-07-04T11:57:29: 
2025-07-04T11:57:29:  ✓ Starting...
2025-07-04T11:57:29:  ✓ Ready in 704ms
2025-07-04T19:05:47: Starting OWOWLOVE production server...
2025-07-04T19:05:47: Environment: production
2025-07-04T19:05:47: Port: 3000
2025-07-04T19:05:47: 
2025-07-04T19:05:47: > my-v0-project@0.1.0 start
2025-07-04T19:05:47: > next start
2025-07-04T19:05:47: 
2025-07-04T19:05:48:    ▲ Next.js 15.2.4
2025-07-04T19:05:48:    - Local:        http://localhost:3000
2025-07-04T19:05:48:    - Network:      http://198.18.0.1:3000
2025-07-04T19:05:48: 
2025-07-04T19:05:48:  ✓ Starting...
2025-07-04T19:05:48:  ✓ Ready in 930ms
2025-07-04T19:40:29: Starting OWOWLOVE production server...
2025-07-04T19:40:29: Environment: production
2025-07-04T19:40:29: Port: 3000
2025-07-04T19:40:29: 
2025-07-04T19:40:29: > my-v0-project@0.1.0 start
2025-07-04T19:40:29: > next start
2025-07-04T19:40:29: 
2025-07-04T19:40:30:    ▲ Next.js 15.2.4
2025-07-04T19:40:30:    - Local:        http://localhost:3000
2025-07-04T19:40:30:    - Network:      http://198.18.0.1:3000
2025-07-04T19:40:30: 
2025-07-04T19:40:30:  ✓ Starting...
2025-07-04T19:40:30:  ✓ Ready in 774ms
2025-07-04T20:04:47: Starting OWOWLOVE production server...
2025-07-04T20:04:47: Environment: production
2025-07-04T20:04:47: Port: 3000
2025-07-04T20:04:47: 
2025-07-04T20:04:47: > my-v0-project@0.1.0 start
2025-07-04T20:04:47: > next start
2025-07-04T20:04:47: 
2025-07-04T20:04:48:    ▲ Next.js 15.2.4
2025-07-04T20:04:48:    - Local:        http://localhost:3000
2025-07-04T20:04:48:    - Network:      http://198.18.0.1:3000
2025-07-04T20:04:48: 
2025-07-04T20:04:48:  ✓ Starting...
2025-07-04T20:04:48:  ✓ Ready in 762ms
2025-07-05T23:30:13: Starting OWOWLOVE production server...
2025-07-05T23:30:13: Environment: production
2025-07-05T23:30:13: Port: 3000
2025-07-05T23:30:14: 
2025-07-05T23:30:14: > my-v0-project@0.1.0 start
2025-07-05T23:30:14: > next start
2025-07-05T23:30:14: 
2025-07-05T23:30:14:    ▲ Next.js 15.2.4
2025-07-05T23:30:14:    - Local:        http://localhost:3000
2025-07-05T23:30:14:    - Network:      http://198.18.0.1:3000
2025-07-05T23:30:14: 
2025-07-05T23:30:14:  ✓ Starting...
2025-07-05T23:30:15:  ✓ Ready in 758ms
2025-07-06T00:18:55: Server process exited with code 1073807364
